       Step     Time          Energy         fmax
MDMin:    0 13:46:44      676.008593        1.7592
MDMin:    1 13:46:45      675.538321        1.0740
MDMin:    2 13:46:46      674.914177        0.4662
MDMin:    3 13:46:47      674.759454        0.7421
MDMin:    4 13:46:48      674.716404        0.1728
MDMin:    5 13:46:49      674.706351        0.3203
MDMin:    6 13:46:50      674.699095        0.1204
MDMin:    7 13:46:51      674.696757        0.1539
MDMin:    8 13:46:52      674.694681        0.0489
       Step     Time          Energy         fmax
MDMin:    0 22:18:05      287.694624        0.2413
MDMin:    1 22:18:06      287.686026        0.1757
MDMin:    2 22:18:06      287.674654        0.0738
MDMin:    3 22:18:07      287.671846        0.1459
MDMin:    4 22:18:08      287.669650        0.0390
       Step     Time          Energy         fmax
MDMin:    0 08:51:52      287.669650        0.0390
       Step     Time          Energy         fmax
MDMin:    0 11:13:04      287.669650        0.0390
