       Step     Time          Energy         fmax
MDMin:    0 22:00:21     3198.913031        1.0985
MDMin:    1 22:00:22     3197.955556        0.9516
MDMin:    2 22:00:23     3196.078970        0.5287
MDMin:    3 22:00:25     3194.591946        0.2533
MDMin:    4 22:00:26     3193.917117        0.3570
MDMin:    5 22:00:27     3193.786051        0.2341
MDMin:    6 22:00:28     3193.744358        0.1328
MDMin:    7 22:00:29     3193.693704        0.1305
MDMin:    8 22:00:30     3193.655981        0.1005
MDMin:    9 22:00:31     3193.625782        0.0996
MDMin:   10 22:00:32     3193.603493        0.0902
MDMin:   11 22:00:33     3193.587796        0.0712
MDMin:   12 22:00:34     3193.575711        0.0545
MDMin:   13 22:00:36     3193.565288        0.0551
MDMin:   14 22:00:37     3193.557522        0.0558
MDMin:   15 22:00:38     3193.552206        0.0401
       Step     Time          Energy         fmax
MDMin:    0 23:16:20     3193.552206        0.0401
       Step     Time          Energy         fmax
MDMin:    0 15:38:56     1451.904269        0.1450
MDMin:    1 15:38:57     1451.877493        0.1253
MDMin:    2 15:38:57     1451.824717        0.0802
MDMin:    3 15:38:58     1451.778886        0.0572
MDMin:    4 15:38:59     1451.763016        0.1219
MDMin:    5 15:39:00     1451.753340        0.0525
MDMin:    6 15:39:00     1451.750090        0.0513
MDMin:    7 15:39:01     1451.747777        0.0289
       Step     Time          Energy         fmax
MDMin:    0 15:42:15     1451.747777        0.0289
