       Step     Time          Energy         fmax
MDMin:    0 17:16:19     -927.828329        1.7041
MDMin:    1 17:16:20     -928.787191        1.4894
MDMin:    2 17:16:21     -930.631814        0.7608
MDMin:    3 17:16:22     -931.925253        0.4417
MDMin:    4 17:16:23     -932.193176        0.7443
MDMin:    5 17:16:25     -932.421422        0.3500
MDMin:    6 17:16:26     -932.447926        0.3762
MDMin:    7 17:16:27     -932.520268        0.1803
MDMin:    8 17:16:28     -932.539111        0.2645
MDMin:    9 17:16:29     -932.562749        0.1341
MDMin:   10 17:16:30     -932.576941        0.1068
MDMin:   11 17:16:31     -932.586392        0.0463
       Step     Time          Energy         fmax
MDMin:    0 17:52:27     -932.586392        0.0463
       Step     Time          Energy         fmax
MDMin:    0 14:02:02     1084.602554        0.5087
MDMin:    1 14:02:03     1084.510519        0.3904
MDMin:    2 14:02:04     1084.334595        0.1791
MDMin:    3 14:02:05     1084.205606        0.1522
MDMin:    4 14:02:07     1084.214443        0.3237
MDMin:    5 14:02:08     1084.175357        0.1596
MDMin:    6 14:02:09     1084.175840        0.1503
MDMin:    7 14:02:10     1084.163558        0.0684
MDMin:    8 14:02:11     1084.163169        0.0994
MDMin:    9 14:02:12     1084.159391        0.0498
       Step     Time          Energy         fmax
MDMin:    0 14:37:33     1084.159391        0.0498
