       Step     Time          Energy         fmax
MDMin:    0 22:00:21      630.526901        1.0833
MDMin:    1 22:00:22      630.008891        0.8991
MDMin:    2 22:00:22      629.081901        0.5416
MDMin:    3 22:00:23      628.784546        0.8637
MDMin:    4 22:00:24      628.706839        0.2993
MDMin:    5 22:00:25      628.682272        0.4251
MDMin:    6 22:00:26      628.662823        0.1743
MDMin:    7 22:00:27      628.656211        0.2228
MDMin:    8 22:00:27      628.649624        0.0877
MDMin:    9 22:00:28      628.645869        0.1272
MDMin:   10 22:00:29      628.643245        0.0596
MDMin:   11 22:00:30      628.641067        0.0458
       Step     Time          Energy         fmax
MDMin:    0 23:16:17      628.641067        0.0458
       Step     Time          Energy         fmax
MDMin:    0 15:31:08      301.381366        0.1437
MDMin:    1 15:31:08      301.377108        0.1313
MDMin:    2 15:31:08      301.368335        0.0978
MDMin:    3 15:31:09      301.360458        0.0589
MDMin:    4 15:31:09      301.358245        0.1447
MDMin:    5 15:31:09      301.355920        0.0435
       Step     Time          Energy         fmax
MDMin:    0 15:41:35      301.355920        0.0435
