       Step     Time          Energy         fmax
MDMin:    0 17:22:20    -1966.930538        1.7021
MDMin:    1 17:22:22    -1968.134848        1.4816
MDMin:    2 17:22:24    -1970.455035        0.7359
MDMin:    3 17:22:26    -1972.162456        0.4393
MDMin:    4 17:22:28    -1972.670030        0.9658
MDMin:    5 17:22:29    -1973.043901        0.3949
MDMin:    6 17:22:31    -1973.139223        0.3371
MDMin:    7 17:22:33    -1973.237532        0.2090
MDMin:    8 17:22:34    -1973.303522        0.3072
MDMin:    9 17:22:36    -1973.346284        0.1057
MDMin:   10 17:22:38    -1973.390420        0.0869
MDMin:   11 17:22:39    -1973.439013        0.0786
MDMin:   12 17:22:41    -1973.465690        0.1129
MDMin:   13 17:22:43    -1973.479177        0.0781
MDMin:   14 17:22:45    -1973.481739        0.0451
       Step     Time          Energy         fmax
MDMin:    0 17:54:23    -1973.481739        0.0451
       Step     Time          Energy         fmax
MDMin:    0 14:03:59     2209.355213        0.5516
MDMin:    1 14:04:01     2209.205026        0.4106
MDMin:    2 14:04:02     2208.895319        0.2064
MDMin:    3 14:04:04     2208.585304        0.2064
MDMin:    4 14:04:05     2208.457747        0.4583
MDMin:    5 14:04:06     2208.365241        0.1404
MDMin:    6 14:04:08     2208.324968        0.1316
MDMin:    7 14:04:09     2208.302023        0.0819
MDMin:    8 14:04:10     2208.288618        0.0434
       Step     Time          Energy         fmax
MDMin:    0 14:37:59     2208.288618        0.0434
