       Step     Time          Energy         fmax
MDMin:    0 17:20:32   -18203.735762        2.1013
MDMin:    1 17:20:44   -18211.398973        1.9359
MDMin:    2 17:20:56   -18229.628698        1.4087
MDMin:    3 17:21:07   -18251.108472        0.9304
MDMin:    4 17:21:19   -18272.864727        0.6564
MDMin:    5 17:21:31   -18293.489040        1.1966
MDMin:    6 17:21:43   -18296.592094        4.3757
MDMin:    7 17:21:54   -18307.735410        1.8130
MDMin:    8 17:22:06   -18311.798816        2.2968
MDMin:    9 17:22:17   -18315.086405        1.0419
MDMin:   10 17:22:29   -18318.817410        1.1678
MDMin:   11 17:22:41   -18322.165021        0.9278
MDMin:   12 17:22:53   -18325.360087        1.0771
MDMin:   13 17:23:05   -18328.430369        0.9650
MDMin:   14 17:23:17   -18331.230118        1.0998
MDMin:   15 17:23:30   -18333.808549        0.8412
MDMin:   16 17:23:41   -18336.287423        0.9338
MDMin:   17 17:23:54   -18338.729306        0.8542
MDMin:   18 17:24:06   -18340.988567        0.9974
MDMin:   19 17:24:18   -18343.050723        0.7785
MDMin:   20 17:24:30   -18345.003055        0.8162
MDMin:   21 17:24:41   -18346.950206        0.7500
MDMin:   22 17:24:54   -18348.787643        0.8952
MDMin:   23 17:25:06   -18350.455735        0.7309
MDMin:   24 17:25:18   -18352.003151        0.7244
MDMin:   25 17:25:30   -18353.546966        0.6545
MDMin:   26 17:25:42   -18355.041025        0.7909
MDMin:   27 17:25:54   -18356.398394        0.6894
MDMin:   28 17:26:06   -18357.633591        0.6532
MDMin:   29 17:26:18   -18358.850053        0.5703
MDMin:   30 17:26:30   -18360.058572        0.6876
MDMin:   31 17:26:41   -18361.166672        0.6456
MDMin:   32 17:26:53   -18362.160068        0.5992
MDMin:   33 17:27:05   -18363.115219        0.4990
MDMin:   34 17:27:18   -18364.083944        0.5896
MDMin:   35 17:27:30   -18364.990166        0.5941
MDMin:   36 17:27:42   -18365.793980        0.5588
MDMin:   37 17:27:54   -18366.544706        0.4405
MDMin:   38 17:28:06   -18367.312752        0.5003
MDMin:   39 17:28:18   -18368.054171        0.5344
MDMin:   40 17:28:30   -18368.707235        0.5272
MDMin:   41 17:28:42   -18369.301097        0.3933
MDMin:   42 17:28:54   -18369.903871        0.4223
MDMin:   43 17:29:06   -18370.509004        0.4697
MDMin:   44 17:29:18   -18371.041235        0.4973
MDMin:   45 17:29:31   -18371.515914        0.3571
MDMin:   46 17:29:43   -18371.985429        0.3573
MDMin:   47 17:29:55   -18372.475574        0.4047
MDMin:   48 17:30:07   -18372.910913        0.4622
MDMin:   49 17:30:19   -18373.294094        0.3327
MDMin:   50 17:30:31   -18373.658373        0.3052
MDMin:   51 17:30:43   -18374.049918        0.3424
MDMin:   52 17:30:55   -18374.407770        0.4180
MDMin:   53 17:31:07   -18374.718734        0.3203
MDMin:   54 17:31:19   -18375.002012        0.2639
MDMin:   55 17:31:31   -18375.309686        0.2848
MDMin:   56 17:31:44   -18375.605654        0.3661
MDMin:   57 17:31:56   -18375.858489        0.3166
MDMin:   58 17:32:08   -18376.081714        0.2302
MDMin:   59 17:32:20   -18376.320295        0.2334
MDMin:   60 17:32:32   -18376.566084        0.3115
MDMin:   61 17:32:44   -18376.772303        0.3145
MDMin:   62 17:32:57   -18376.952378        0.2034
MDMin:   63 17:33:09   -18377.135723        0.1913
MDMin:   64 17:33:21   -18377.338270        0.2589
MDMin:   65 17:33:33   -18377.507783        0.3036
MDMin:   66 17:33:45   -18377.655764        0.1877
MDMin:   67 17:33:58   -18377.795440        0.1600
MDMin:   68 17:34:10   -18377.957827        0.2109
MDMin:   69 17:34:22   -18378.098984        0.2763
MDMin:   70 17:34:35   -18378.220263        0.1864
MDMin:   71 17:34:47   -18378.326410        0.1362
MDMin:   72 17:35:00   -18378.452291        0.1665
MDMin:   73 17:35:12   -18378.572212        0.2357
MDMin:   74 17:35:24   -18378.670343        0.1975
MDMin:   75 17:35:36   -18378.753534        0.1131
MDMin:   76 17:35:49   -18378.849602        0.1255
MDMin:   77 17:36:01   -18378.954191        0.1901
MDMin:   78 17:36:13   -18379.033458        0.2125
MDMin:   79 17:36:26   -18379.103821        0.0910
MDMin:   80 17:36:38   -18379.177045        0.0933
       Step     Time          Energy         fmax
MDMin:    0 17:54:09   -18379.177045        0.0933
MDMin:    1 17:54:20   -18379.202660        0.0524
MDMin:    2 17:54:32   -18379.271175        0.0507
MDMin:    3 17:54:43   -18379.375509        0.0790
MDMin:    4 17:54:54   -18379.479727        0.1952
MDMin:    5 17:55:05   -18379.523431        0.2414
MDMin:    6 17:55:17   -18379.572673        0.0972
MDMin:    7 17:55:28   -18379.625490        0.1236
MDMin:    8 17:55:39   -18379.671032        0.1368
MDMin:    9 17:55:51   -18379.711248        0.0926
MDMin:   10 17:56:02   -18379.749596        0.0804
MDMin:   11 17:56:13   -18379.792435        0.1013
MDMin:   12 17:56:24   -18379.830225        0.1207
MDMin:   13 17:56:36   -18379.863278        0.0863
MDMin:   14 17:56:47   -18379.893216        0.0671
MDMin:   15 17:56:59   -18379.927309        0.0808
MDMin:   16 17:57:10   -18379.959011        0.1020
MDMin:   17 17:57:21   -18379.986073        0.0830
MDMin:   18 17:57:32   -18380.009701        0.0554
MDMin:   19 17:57:44   -18380.036408        0.0704
MDMin:   20 17:57:55   -18380.063299        0.1038
MDMin:   21 17:58:06   -18380.085269        0.1222
MDMin:   22 17:58:17   -18380.104417        0.0657
MDMin:   23 17:58:29   -18380.125046        0.0892
MDMin:   24 17:58:40   -18380.147508        0.1784
MDMin:   25 17:58:52   -18380.164690        0.2454
MDMin:   26 17:59:03   -18380.180501        0.1182
MDMin:   27 17:59:15   -18380.196115        0.1413
MDMin:   28 17:59:26   -18380.213854        0.2744
MDMin:   29 17:59:38   -18380.226698        0.3630
MDMin:   30 17:59:49   -18380.239707        0.1165
MDMin:   31 18:00:00   -18380.252216        0.1328
MDMin:   32 18:00:12   -18380.267292        0.2701
MDMin:   33 18:00:23   -18380.277382        0.3883
MDMin:   34 18:00:35   -18380.288698        0.0924
MDMin:   35 18:00:46   -18380.299048        0.1058
MDMin:   36 18:00:58   -18380.312334        0.2334
MDMin:   37 18:01:09   -18380.320388        0.3946
MDMin:   38 18:01:21   -18380.330564        0.0792
MDMin:   39 18:01:32   -18380.338889        0.0875
MDMin:   40 18:01:44   -18380.350087        0.1978
MDMin:   41 18:01:55   -18380.356740        0.3744
MDMin:   42 18:02:07   -18380.365469        0.0852
MDMin:   43 18:02:18   -18380.371826        0.0816
MDMin:   44 18:02:29   -18380.380559        0.1703
MDMin:   45 18:02:41   -18380.386296        0.3231
MDMin:   46 18:02:52   -18380.393152        0.1046
MDMin:   47 18:03:04   -18380.397956        0.0785
MDMin:   48 18:03:15   -18380.404596        0.1422
MDMin:   49 18:03:26   -18380.409696        0.2676
MDMin:   50 18:03:38   -18380.414938        0.1341
MDMin:   51 18:03:49   -18380.418702        0.0685
MDMin:   52 18:04:00   -18380.423862        0.1069
MDMin:   53 18:04:12   -18380.428669        0.2193
MDMin:   54 18:04:23   -18380.432624        0.1796
MDMin:   55 18:04:35   -18380.435904        0.0421
       Step     Time          Energy         fmax
MDMin:    0 14:03:40    19296.317624        0.3591
MDMin:    1 14:03:49    19293.659793        0.2855
MDMin:    2 14:03:57    19288.854376        0.2684
MDMin:    3 14:04:05    19284.872692        0.2514
MDMin:    4 14:04:13    19282.611522        0.6334
MDMin:    5 14:04:22    19281.426481        0.5260
MDMin:    6 14:04:30    19280.979092        0.1547
MDMin:    7 14:04:39    19280.298192        0.2178
MDMin:    8 14:04:47    19279.456218        0.8757
MDMin:    9 14:04:55    19279.264249        3.1514
MDMin:   10 14:05:04    19278.632118        0.2634
MDMin:   11 14:05:12    19278.356947        0.3595
MDMin:   12 14:05:20    19278.043270        1.0307
MDMin:   13 14:05:29    19277.918515        1.9609
MDMin:   14 14:05:37    19277.691704        0.1331
MDMin:   15 14:05:45    19277.513842        0.1838
MDMin:   16 14:05:54    19277.265770        0.5963
MDMin:   17 14:06:02    19277.174977        2.0368
MDMin:   18 14:06:11    19276.982316        0.4579
MDMin:   19 14:06:19    19276.923766        0.1226
MDMin:   20 14:06:27    19276.815218        0.2224
MDMin:   21 14:06:36    19276.684730        0.7445
MDMin:   22 14:06:44    19276.659066        1.5540
MDMin:   23 14:06:52    19276.551826        0.1291
MDMin:   24 14:07:01    19276.475680        0.2697
MDMin:   25 14:07:09    19276.405135        0.8443
MDMin:   26 14:07:18    19276.367630        0.9024
MDMin:   27 14:07:26    19276.323581        0.1200
MDMin:   28 14:07:34    19276.273274        0.2296
MDMin:   29 14:07:43    19276.224378        0.6752
MDMin:   30 14:07:51    19276.198183        0.7540
MDMin:   31 14:07:59    19276.166989        0.1009
MDMin:   32 14:08:08    19276.130758        0.1905
MDMin:   33 14:08:16    19276.094709        0.5612
MDMin:   34 14:08:25    19276.076287        0.6579
MDMin:   35 14:08:33    19276.052834        0.0838
MDMin:   36 14:08:41    19276.026345        0.1592
MDMin:   37 14:08:50    19275.999609        0.4739
MDMin:   38 14:08:58    19275.986487        0.5735
MDMin:   39 14:09:07    19275.968895        0.0751
MDMin:   40 14:09:15    19275.949449        0.1428
MDMin:   41 14:09:23    19275.930380        0.4161
MDMin:   42 14:09:32    19275.920038        0.4672
MDMin:   43 14:09:40    19275.907812        0.0573
MDMin:   44 14:09:49    19275.893469        0.1071
MDMin:   45 14:09:57    19275.878026        0.3264
MDMin:   46 14:10:05    19275.871723        0.4609
MDMin:   47 14:10:14    19275.860903        0.0559
MDMin:   48 14:10:22    19275.850140        0.1085
MDMin:   49 14:10:30    19275.839864        0.3150
MDMin:   50 14:10:39    19275.833916        0.3332
MDMin:   51 14:10:47    19275.827493        0.0417
       Step     Time          Energy         fmax
MDMin:    0 14:38:05    19275.827493        0.0417
