       Step     Time          Energy         fmax
MDMin:    0 17:20:42   -32292.725123        2.1013
MDMin:    1 17:21:03   -32303.081268        1.9359
MDMin:    2 17:21:25   -32327.442001        1.4077
MDMin:    3 17:21:46   -32355.917384        0.9289
MDMin:    4 17:22:07   -32384.961940        0.6614
MDMin:    5 17:22:29   -32413.025613        1.2138
MDMin:    6 17:22:51   -32420.020883        4.5535
MDMin:    7 17:23:12   -32434.328513        1.6832
MDMin:    8 17:23:34   -32440.807899        2.2025
MDMin:    9 17:23:56   -32444.977007        0.9056
MDMin:   10 17:24:18   -32450.581724        1.0125
MDMin:   11 17:24:39   -32456.583080        1.1561
MDMin:   12 17:25:01   -32461.790013        1.6702
MDMin:   13 17:25:23   -32466.168284        1.0004
MDMin:   14 17:25:44   -32470.158405        0.9331
MDMin:   15 17:26:06   -32474.792265        0.9415
MDMin:   16 17:26:27   -32479.353378        1.4798
MDMin:   17 17:26:49   -32483.129206        1.1698
MDMin:   18 17:27:11   -32486.371265        0.8324
MDMin:   19 17:27:32   -32489.972413        0.7352
MDMin:   20 17:27:54   -32494.051265        1.1783
MDMin:   21 17:28:16   -32497.465124        1.3105
MDMin:   22 17:28:38   -32500.363217        0.8536
MDMin:   23 17:29:00   -32503.123830        0.6105
MDMin:   24 17:29:22   -32506.523011        0.9079
MDMin:   25 17:29:43   -32509.732573        1.2023
MDMin:   26 17:30:05   -32512.313072        1.0724
MDMin:   27 17:30:27   -32514.509228        0.5113
MDMin:   28 17:30:49   -32517.171076        0.6540
MDMin:   29 17:31:11   -32520.249078        0.9300
MDMin:   30 17:31:32   -32522.593629        1.3407
MDMin:   31 17:31:54   -32524.669280        0.4706
MDMin:   32 17:32:16   -32526.719846        0.5130
MDMin:   33 17:32:38   -32529.404076        0.7048
MDMin:   34 17:33:00   -32531.683015        1.2768
MDMin:   35 17:33:22   -32533.574694        0.6835
MDMin:   36 17:33:44   -32535.061496        0.4494
MDMin:   37 17:34:07   -32537.047926        0.4948
MDMin:   38 17:34:29   -32539.278812        0.9104
MDMin:   39 17:34:52   -32540.890170        1.0601
MDMin:   40 17:35:14   -32542.315804        0.3665
MDMin:   41 17:35:36   -32543.824520        0.3391
MDMin:   42 17:35:59   -32545.887616        0.6074
MDMin:   43 17:36:21   -32547.581625        1.0985
MDMin:   44 17:36:43   -32548.957346        0.6639
MDMin:   45 17:37:05   -32549.925206        0.2617
MDMin:   46 17:37:27   -32551.331344        0.3483
MDMin:   47 17:37:48   -32553.117989        0.6011
MDMin:   48 17:38:10   -32554.308479        1.1501
MDMin:   49 17:38:32   -32555.485582        0.2604
MDMin:   50 17:38:54   -32556.473661        0.2797
MDMin:   51 17:39:16   -32557.888707        0.4227
MDMin:   52 17:39:37   -32559.143626        0.9131
MDMin:   53 17:39:59   -32560.070237        0.6310
MDMin:   54 17:40:21   -32560.716044        0.1629
MDMin:   55 17:40:44   -32561.654436        0.1679
MDMin:   56 17:41:06   -32563.022167        0.3017
MDMin:   57 17:41:29   -32564.374845        0.7645
MDMin:   58 17:41:50   -32564.982645        0.9702
MDMin:   59 17:42:12   -32565.567187        0.4108
MDMin:   60 17:42:34   -32566.258332        0.4502
MDMin:   61 17:42:56   -32566.896819        0.5244
MDMin:   62 17:43:17   -32567.472247        0.4023
MDMin:   63 17:43:39   -32568.023198        0.3679
MDMin:   64 17:44:00   -32568.611379        0.3943
MDMin:   65 17:44:22   -32569.175423        0.4834
MDMin:   66 17:44:43   -32569.679115        0.4052
MDMin:   67 17:45:05   -32570.145052        0.3380
MDMin:   68 17:45:26   -32570.639025        0.3425
MDMin:   69 17:45:48   -32571.136455        0.4337
MDMin:   70 17:46:10   -32571.579135        0.4095
MDMin:   71 17:46:31   -32571.979274        0.3184
MDMin:   72 17:46:53   -32572.390154        0.2986
MDMin:   73 17:47:14   -32572.824691        0.3801
MDMin:   74 17:47:36   -32573.215776        0.4048
MDMin:   75 17:47:58   -32573.564417        0.3106
MDMin:   76 17:48:20   -32573.904980        0.2646
MDMin:   77 17:48:42   -32574.277588        0.3271
MDMin:   78 17:49:05   -32574.625111        0.3837
MDMin:   79 17:49:28   -32574.930788        0.3151
MDMin:   80 17:49:49   -32575.214786        0.2393
       Step     Time          Energy         fmax
MDMin:    0 17:54:19   -32575.214786        0.2393
MDMin:    1 17:54:41   -32575.330427        0.1164
MDMin:    2 17:55:02   -32575.623167        0.1208
MDMin:    3 17:55:23   -32576.062574        0.1939
MDMin:    4 17:55:48   -32576.481430        0.4674
MDMin:    5 17:56:09   -32576.729139        0.4559
MDMin:    6 17:56:30   -32576.922438        0.1202
MDMin:    7 17:56:52   -32577.191326        0.1500
MDMin:    8 17:57:13   -32577.531462        0.2750
MDMin:    9 17:57:34   -32577.752252        0.4821
MDMin:   10 17:57:55   -32577.980081        0.1096
MDMin:   11 17:58:17   -32578.177039        0.1143
MDMin:   12 17:58:38   -32578.459312        0.1904
MDMin:   13 17:58:59   -32578.694403        0.4052
MDMin:   14 17:59:20   -32578.880344        0.2534
MDMin:   15 17:59:41   -32579.002029        0.0747
MDMin:   16 18:00:02   -32579.185948        0.0829
MDMin:   17 18:00:23   -32579.446891        0.1559
MDMin:   18 18:00:44   -32579.657818        0.3947
MDMin:   19 18:01:06   -32579.813337        0.2529
MDMin:   20 18:01:27   -32579.900721        0.0571
MDMin:   21 18:01:49   -32580.045028        0.0604
MDMin:   22 18:02:11   -32580.257995        0.1064
MDMin:   23 18:02:32   -32580.472168        0.2903
MDMin:   24 18:02:54   -32580.557370        0.3851
MDMin:   25 18:03:16   -32580.659669        0.1522
MDMin:   26 18:03:37   -32580.766567        0.1902
MDMin:   27 18:03:59   -32580.860567        0.1967
MDMin:   28 18:04:20   -32580.945167        0.1364
MDMin:   29 18:04:42   -32581.030796        0.1299
MDMin:   30 18:05:04   -32581.124009        0.1639
MDMin:   31 18:05:25   -32581.207057        0.1872
MDMin:   32 18:05:47   -32581.281102        0.1318
MDMin:   33 18:06:09   -32581.351982        0.1121
MDMin:   34 18:06:30   -32581.431086        0.1367
MDMin:   35 18:06:52   -32581.503819        0.2329
MDMin:   36 18:07:13   -32581.567582        0.2354
MDMin:   37 18:07:35   -32581.625288        0.2245
MDMin:   38 18:07:56   -32581.688224        0.3295
MDMin:   39 18:08:18   -32581.746929        0.5205
MDMin:   40 18:08:39   -32581.798341        0.4682
MDMin:   41 18:09:01   -32581.844328        0.3232
MDMin:   42 18:09:22   -32581.894270        0.3984
MDMin:   43 18:09:43   -32581.943168        0.5883
MDMin:   44 18:10:05   -32581.986646        0.5183
MDMin:   45 18:10:26   -32582.026293        0.3059
MDMin:   46 18:10:48   -32582.069513        0.3594
MDMin:   47 18:11:09   -32582.113608        0.5579
MDMin:   48 18:11:30   -32582.151731        0.5348
MDMin:   49 18:11:52   -32582.187006        0.2754
MDMin:   50 18:12:13   -32582.224786        0.3139
MDMin:   51 18:12:35   -32582.265126        0.5202
MDMin:   52 18:12:56   -32582.298475        0.5525
MDMin:   53 18:13:17   -32582.330315        0.2435
MDMin:   54 18:13:39   -32582.363390        0.2713
MDMin:   55 18:14:00   -32582.400532        0.4815
MDMin:   56 18:14:22   -32582.429534        0.5710
MDMin:   57 18:14:43   -32582.458667        0.2132
MDMin:   58 18:15:04   -32582.487625        0.2337
MDMin:   59 18:15:26   -32582.521840        0.4417
MDMin:   60 18:15:47   -32582.546950        0.5855
MDMin:   61 18:16:09   -32582.573852        0.1892
MDMin:   62 18:16:30   -32582.599101        0.2033
MDMin:   63 18:16:51   -32582.630301        0.4018
MDMin:   64 18:17:13   -32582.652091        0.5880
MDMin:   65 18:17:34   -32582.676857        0.1768
MDMin:   66 18:17:55   -32582.698627        0.1824
MDMin:   67 18:18:17   -32582.726418        0.3639
MDMin:   68 18:18:38   -32582.745558        0.5700
MDMin:   69 18:18:59   -32582.767888        0.1787
MDMin:   70 18:19:21   -32582.786396        0.1707
MDMin:   71 18:19:42   -32582.810442        0.3290
MDMin:   72 18:20:04   -32582.827550        0.5310
MDMin:   73 18:20:26   -32582.847107        0.1935
MDMin:   74 18:20:47   -32582.862733        0.1642
MDMin:   75 18:21:09   -32582.883139        0.2943
MDMin:   76 18:21:30   -32582.898667        0.4811
MDMin:   77 18:21:52   -32582.915482        0.2183
MDMin:   78 18:22:13   -32582.928747        0.1572
MDMin:   79 18:22:35   -32582.945999        0.2563
MDMin:   80 18:22:57   -32582.960326        0.4315
       Step     Time          Energy         fmax
MDMin:    0 19:16:20   -32582.960326        0.4315
MDMin:    1 19:16:41   -32582.971632        0.0751
MDMin:    2 19:17:01   -32582.988686        0.1272
MDMin:    3 19:17:22   -32583.008543        0.3537
MDMin:    4 19:17:43   -32583.018111        0.5359
MDMin:    5 19:18:04   -32583.033039        0.0104
       Step     Time          Energy         fmax
MDMin:    0 14:03:13    33895.121647        0.3653
MDMin:    1 14:03:28    33890.821717        0.2986
MDMin:    2 14:03:42    33882.763388        0.2862
MDMin:    3 14:03:57    33875.609917        0.2543
MDMin:    4 14:04:12    33870.841928        0.6585
MDMin:    5 14:04:27    33869.066241        0.7833
MDMin:    6 14:04:42    33868.010830        0.2306
MDMin:    7 14:04:57    33866.727600        0.3280
MDMin:    8 14:05:12    33865.650634        0.4650
MDMin:    9 14:05:27    33864.839045        0.5722
MDMin:   10 14:05:43    33864.183680        0.4447
MDMin:   11 14:05:58    33863.578182        0.4864
MDMin:   12 14:06:13    33863.003234        0.6951
MDMin:   13 14:06:28    33862.522004        0.6830
MDMin:   14 14:06:44    33862.098343        0.4407
MDMin:   15 14:06:59    33861.676814        0.5056
MDMin:   16 14:07:14    33861.265042        0.7855
MDMin:   17 14:07:29    33860.924663        0.8117
MDMin:   18 14:07:44    33860.623999        0.4761
MDMin:   19 14:07:59    33860.321313        0.6018
MDMin:   20 14:08:14    33860.029621        1.0938
MDMin:   21 14:08:29    33859.789433        1.1954
MDMin:   22 14:08:44    33859.574718        0.6427
MDMin:   23 14:08:59    33859.357858        0.7985
MDMin:   24 14:09:14    33859.149393        1.4129
MDMin:   25 14:09:29    33858.971496        1.3176
MDMin:   26 14:09:44    33858.807307        0.5112
MDMin:   27 14:09:59    33858.632423        0.6673
MDMin:   28 14:10:15    33858.458028        1.3390
MDMin:   29 14:10:30    33858.321396        1.3256
MDMin:   30 14:10:45    33858.185087        0.3199
MDMin:   31 14:11:00    33858.036458        0.4601
MDMin:   32 14:11:15    33857.869902        1.1550
MDMin:   33 14:11:30    33857.778620        1.5250
MDMin:   34 14:11:45    33857.645775        0.1144
MDMin:   35 14:12:01    33857.516705        0.1852
MDMin:   36 14:12:16    33857.330413        0.6116
MDMin:   37 14:12:31    33857.271683        1.9409
MDMin:   38 14:12:47    33857.105471        0.4692
MDMin:   39 14:13:02    33857.051807        0.1151
MDMin:   40 14:13:17    33856.948361        0.2235
MDMin:   41 14:13:32    33856.819670        0.7610
MDMin:   42 14:13:47    33856.792726        1.6057
MDMin:   43 14:14:02    33856.677017        0.0324
       Step     Time          Energy         fmax
MDMin:    0 14:38:11    33856.677017        0.0324
