       Step     Time          Energy         fmax
MDMin:    0 19:55:04     1936.148393        1.9742
MDMin:    1 19:55:05     1932.799450        1.7513
MDMin:    2 19:55:07     1925.099434        0.9975
MDMin:    3 19:55:08     1916.845385        0.6928
MDMin:    4 19:55:09     1910.041713        0.7930
MDMin:    5 19:55:11     1907.918582        1.6479
MDMin:    6 19:55:12     1906.566666        0.7602
MDMin:    7 19:55:13     1906.004171        0.5462
MDMin:    8 19:55:14     1905.746831        0.3796
MDMin:    9 19:55:16     1905.493091        0.1892
MDMin:   10 19:55:17     1905.343998        0.1882
MDMin:   11 19:55:18     1905.204907        0.1281
MDMin:   12 19:55:20     1905.088619        0.2263
MDMin:   13 19:55:21     1905.023050        0.1453
MDMin:   14 19:55:22     1904.981490        0.0751
MDMin:   15 19:55:23     1904.931735        0.0670
MDMin:   16 19:55:25     1904.870521        0.0528
MDMin:   17 19:55:26     1904.811344        0.0489
       Step     Time          Energy         fmax
MDMin:    0 21:25:04     1904.811344        0.0489
       Step     Time          Energy         fmax
MDMin:    0 08:29:28     1904.811344        0.0489
       Step     Time          Energy         fmax
MDMin:    0 17:02:54     1904.811344        0.0489
